Namespace(batch_size=32, epochs=200, eval=0, exp_name='32121++', lr=0.001, model_path='checkpoints/32121+/best_model.t7', momentum=0.9, no_cuda=False, num_points=1024, seed=1, test_batch_size=16, use_sgd=True)
Using GPU : 0 from 2 devices
Train 0, loss: 3.067775, train acc: 0.334080, train avg acc: 0.181056
Test 0, loss: 2.412460, test acc: 0.542545, test avg acc: 0.424006
Max Acc:0.542545
Train 1, loss: 2.250919, train acc: 0.617976, train avg acc: 0.437948
Test 1, loss: 2.062013, test acc: 0.681929, test avg acc: 0.569901
Max Acc:0.681929
Train 2, loss: 2.054329, train acc: 0.705415, train avg acc: 0.547939
Test 2, loss: 1.898308, test acc: 0.779984, test avg acc: 0.683291
Max Acc:0.779984
Train 3, loss: 1.955054, train acc: 0.750611, train avg acc: 0.619529
Test 3, loss: 1.903052, test acc: 0.776742, test avg acc: 0.699378
Train 4, loss: 1.891774, train acc: 0.778298, train avg acc: 0.661711
Test 4, loss: 1.726722, test acc: 0.841572, test avg acc: 0.742134
Max Acc:0.841572
Train 5, loss: 1.835287, train acc: 0.805782, train avg acc: 0.697651
Test 5, loss: 1.731150, test acc: 0.837520, test avg acc: 0.765047
Train 6, loss: 1.805819, train acc: 0.814536, train avg acc: 0.717613
Test 6, loss: 1.685489, test acc: 0.855754, test avg acc: 0.780971
Max Acc:0.855754
Train 7, loss: 1.771205, train acc: 0.829499, train avg acc: 0.736223
Test 7, loss: 1.649825, test acc: 0.878039, test avg acc: 0.803238
Max Acc:0.878039
Train 8, loss: 1.753316, train acc: 0.840391, train avg acc: 0.753185
Test 8, loss: 1.722754, test acc: 0.841572, test avg acc: 0.777709
Train 9, loss: 1.739359, train acc: 0.843546, train avg acc: 0.757934
Test 9, loss: 1.681775, test acc: 0.854943, test avg acc: 0.792953
Train 10, loss: 1.710424, train acc: 0.851792, train avg acc: 0.771438
Test 10, loss: 1.612952, test acc: 0.875203, test avg acc: 0.821488
Train 11, loss: 1.694944, train acc: 0.864414, train avg acc: 0.794633
Test 11, loss: 1.589922, test acc: 0.893841, test avg acc: 0.830558
Max Acc:0.893841
Train 12, loss: 1.681604, train acc: 0.868485, train avg acc: 0.793627
Test 12, loss: 1.675676, test acc: 0.837520, test avg acc: 0.792738
Train 13, loss: 1.670516, train acc: 0.871641, train avg acc: 0.800470
Test 13, loss: 1.584419, test acc: 0.883306, test avg acc: 0.826174
Train 14, loss: 1.654830, train acc: 0.873575, train avg acc: 0.804830
Test 14, loss: 1.635121, test acc: 0.858590, test avg acc: 0.810058
Train 15, loss: 1.646891, train acc: 0.882329, train avg acc: 0.816303
Test 15, loss: 1.620129, test acc: 0.876823, test avg acc: 0.825570
Train 16, loss: 1.644394, train acc: 0.881311, train avg acc: 0.818233
Test 16, loss: 1.627697, test acc: 0.862642, test avg acc: 0.802686
Train 17, loss: 1.628103, train acc: 0.889658, train avg acc: 0.826943
Test 17, loss: 1.685006, test acc: 0.848865, test avg acc: 0.797297
Train 18, loss: 1.622339, train acc: 0.889454, train avg acc: 0.825700
Test 18, loss: 1.611115, test acc: 0.879254, test avg acc: 0.841930
Train 19, loss: 1.618496, train acc: 0.891083, train avg acc: 0.829271
Test 19, loss: 1.578914, test acc: 0.889789, test avg acc: 0.844000
Train 20, loss: 1.605120, train acc: 0.897292, train avg acc: 0.840088
Test 20, loss: 1.566718, test acc: 0.895057, test avg acc: 0.858436
Max Acc:0.895057
Train 21, loss: 1.606501, train acc: 0.893730, train avg acc: 0.834771
Test 21, loss: 1.611538, test acc: 0.876013, test avg acc: 0.836459
Train 22, loss: 1.599044, train acc: 0.898616, train avg acc: 0.842975
Test 22, loss: 1.591450, test acc: 0.882901, test avg acc: 0.857936
Train 23, loss: 1.596107, train acc: 0.899634, train avg acc: 0.843263
Test 23, loss: 1.575168, test acc: 0.889789, test avg acc: 0.840634
Train 24, loss: 1.585000, train acc: 0.903705, train avg acc: 0.848836
Test 24, loss: 1.562785, test acc: 0.892626, test avg acc: 0.841517
Train 25, loss: 1.580653, train acc: 0.906454, train avg acc: 0.854633
Test 25, loss: 1.551249, test acc: 0.891410, test avg acc: 0.838552
Train 26, loss: 1.573139, train acc: 0.906963, train avg acc: 0.855785
Test 26, loss: 1.542796, test acc: 0.899514, test avg acc: 0.861145
Max Acc:0.899514
Train 27, loss: 1.573476, train acc: 0.908897, train avg acc: 0.858325
Test 27, loss: 1.527758, test acc: 0.913695, test avg acc: 0.868087
Max Acc:0.913695
Train 28, loss: 1.566492, train acc: 0.912663, train avg acc: 0.864547
Test 28, loss: 1.527638, test acc: 0.905186, test avg acc: 0.860500
Train 29, loss: 1.567092, train acc: 0.911645, train avg acc: 0.867413
Test 29, loss: 1.541547, test acc: 0.895462, test avg acc: 0.855110
Train 30, loss: 1.559937, train acc: 0.915106, train avg acc: 0.868181
Test 30, loss: 1.508428, test acc: 0.918558, test avg acc: 0.878413
Max Acc:0.918558
Train 31, loss: 1.561695, train acc: 0.915004, train avg acc: 0.867680
Test 31, loss: 1.553104, test acc: 0.892626, test avg acc: 0.849105
Train 32, loss: 1.563868, train acc: 0.912663, train avg acc: 0.867700
Test 32, loss: 1.518692, test acc: 0.901135, test avg acc: 0.842930
Train 33, loss: 1.551674, train acc: 0.918058, train avg acc: 0.874344
Test 33, loss: 1.541124, test acc: 0.900324, test avg acc: 0.872826
Train 34, loss: 1.550013, train acc: 0.919890, train avg acc: 0.876112
Test 34, loss: 1.591769, test acc: 0.875608, test avg acc: 0.845047
Train 35, loss: 1.546111, train acc: 0.920195, train avg acc: 0.881323
Test 35, loss: 1.572409, test acc: 0.879660, test avg acc: 0.865180
Train 36, loss: 1.540054, train acc: 0.924572, train avg acc: 0.882869
Test 36, loss: 1.525083, test acc: 0.905997, test avg acc: 0.855506
Train 37, loss: 1.537492, train acc: 0.924572, train avg acc: 0.886428
Test 37, loss: 1.523210, test acc: 0.908428, test avg acc: 0.865593
Train 38, loss: 1.534826, train acc: 0.925896, train avg acc: 0.886703
Test 38, loss: 1.530316, test acc: 0.901945, test avg acc: 0.863593
Train 39, loss: 1.532227, train acc: 0.925692, train avg acc: 0.886748
Test 39, loss: 1.546585, test acc: 0.891410, test avg acc: 0.852174
Train 40, loss: 1.532938, train acc: 0.924064, train avg acc: 0.885975
Test 40, loss: 1.529296, test acc: 0.905592, test avg acc: 0.857128
Train 41, loss: 1.536423, train acc: 0.921722, train avg acc: 0.881070
Test 41, loss: 1.583615, test acc: 0.883306, test avg acc: 0.855052
Train 42, loss: 1.528290, train acc: 0.925590, train avg acc: 0.883679
Test 42, loss: 1.550044, test acc: 0.896272, test avg acc: 0.859279
Train 43, loss: 1.521686, train acc: 0.929458, train avg acc: 0.892804
Test 43, loss: 1.524938, test acc: 0.901945, test avg acc: 0.871424
Train 44, loss: 1.523641, train acc: 0.928135, train avg acc: 0.889613
Test 44, loss: 1.527286, test acc: 0.904781, test avg acc: 0.866924
Train 45, loss: 1.511596, train acc: 0.932512, train avg acc: 0.894282
Test 45, loss: 1.571737, test acc: 0.885332, test avg acc: 0.848797
Train 46, loss: 1.511509, train acc: 0.930680, train avg acc: 0.892354
Test 46, loss: 1.540312, test acc: 0.888574, test avg acc: 0.848006
Train 47, loss: 1.518506, train acc: 0.931901, train avg acc: 0.896631
Test 47, loss: 1.500611, test acc: 0.905592, test avg acc: 0.867814
Train 48, loss: 1.516709, train acc: 0.933123, train avg acc: 0.897584
Test 48, loss: 1.536520, test acc: 0.890194, test avg acc: 0.862773
Train 49, loss: 1.507410, train acc: 0.936075, train avg acc: 0.902749
Test 49, loss: 1.489526, test acc: 0.916126, test avg acc: 0.883959
Train 50, loss: 1.503288, train acc: 0.938009, train avg acc: 0.904091
Test 50, loss: 1.513897, test acc: 0.909643, test avg acc: 0.872250
Train 51, loss: 1.496223, train acc: 0.937907, train avg acc: 0.904189
Test 51, loss: 1.519964, test acc: 0.903160, test avg acc: 0.868366
Train 52, loss: 1.503329, train acc: 0.935871, train avg acc: 0.901000
Test 52, loss: 1.539344, test acc: 0.896677, test avg acc: 0.852855
Train 53, loss: 1.504916, train acc: 0.935871, train avg acc: 0.902074
Test 53, loss: 1.542855, test acc: 0.894652, test avg acc: 0.872477
Train 54, loss: 1.502701, train acc: 0.936686, train avg acc: 0.902292
Test 54, loss: 1.527006, test acc: 0.904781, test avg acc: 0.877820
Train 55, loss: 1.503326, train acc: 0.935871, train avg acc: 0.902718
Test 55, loss: 1.552882, test acc: 0.892626, test avg acc: 0.861291
Train 56, loss: 1.498582, train acc: 0.936584, train avg acc: 0.906239
Test 56, loss: 1.520021, test acc: 0.898703, test avg acc: 0.854593
Train 57, loss: 1.499359, train acc: 0.935668, train avg acc: 0.900929
Test 57, loss: 1.554828, test acc: 0.903566, test avg acc: 0.874570
Train 58, loss: 1.491733, train acc: 0.941572, train avg acc: 0.911428
Test 58, loss: 1.485309, test acc: 0.919773, test avg acc: 0.887959
Max Acc:0.919773
Train 59, loss: 1.488438, train acc: 0.942691, train avg acc: 0.914995
Test 59, loss: 1.492068, test acc: 0.917747, test avg acc: 0.870581
Train 60, loss: 1.487584, train acc: 0.943099, train avg acc: 0.912891
Test 60, loss: 1.483386, test acc: 0.916126, test avg acc: 0.878198
Train 61, loss: 1.495941, train acc: 0.938416, train avg acc: 0.906126
Test 61, loss: 1.520028, test acc: 0.899109, test avg acc: 0.872762
Train 62, loss: 1.483804, train acc: 0.943607, train avg acc: 0.911836
Test 62, loss: 1.485160, test acc: 0.916532, test avg acc: 0.889959
Train 63, loss: 1.488713, train acc: 0.945542, train avg acc: 0.917712
Test 63, loss: 1.481369, test acc: 0.921799, test avg acc: 0.885744
Max Acc:0.921799
Train 64, loss: 1.475634, train acc: 0.946559, train avg acc: 0.917736
Test 64, loss: 1.492137, test acc: 0.908023, test avg acc: 0.874890
Train 65, loss: 1.481593, train acc: 0.944116, train avg acc: 0.915024
Test 65, loss: 1.488136, test acc: 0.916937, test avg acc: 0.871628
Train 66, loss: 1.476821, train acc: 0.946967, train avg acc: 0.919379
Test 66, loss: 1.475373, test acc: 0.916937, test avg acc: 0.889331
Train 67, loss: 1.473701, train acc: 0.945338, train avg acc: 0.918130
Test 67, loss: 1.544789, test acc: 0.890194, test avg acc: 0.858727
Train 68, loss: 1.476095, train acc: 0.946050, train avg acc: 0.915838
Test 68, loss: 1.494766, test acc: 0.910454, test avg acc: 0.882250
Train 69, loss: 1.471503, train acc: 0.945440, train avg acc: 0.918425
Test 69, loss: 1.481666, test acc: 0.920989, test avg acc: 0.888169
Train 70, loss: 1.467926, train acc: 0.951140, train avg acc: 0.923710
Test 70, loss: 1.484438, test acc: 0.914506, test avg acc: 0.877744
Train 71, loss: 1.467063, train acc: 0.952769, train avg acc: 0.926689
Test 71, loss: 1.527734, test acc: 0.892220, test avg acc: 0.873302
Train 72, loss: 1.470966, train acc: 0.948493, train avg acc: 0.921401
Test 72, loss: 1.518895, test acc: 0.900729, test avg acc: 0.875930
Train 73, loss: 1.458465, train acc: 0.954092, train avg acc: 0.930173
Test 73, loss: 1.472067, test acc: 0.920583, test avg acc: 0.877581
Train 74, loss: 1.462330, train acc: 0.950122, train avg acc: 0.925054
Test 74, loss: 1.544519, test acc: 0.909238, test avg acc: 0.884884
Train 75, loss: 1.457131, train acc: 0.953176, train avg acc: 0.926740
Test 75, loss: 1.477203, test acc: 0.916126, test avg acc: 0.884471
Train 76, loss: 1.455360, train acc: 0.955721, train avg acc: 0.932576
Test 76, loss: 1.479831, test acc: 0.916937, test avg acc: 0.891198
Train 77, loss: 1.455753, train acc: 0.954397, train avg acc: 0.931552
Test 77, loss: 1.509285, test acc: 0.908428, test avg acc: 0.879721
Train 78, loss: 1.457097, train acc: 0.953990, train avg acc: 0.932248
Test 78, loss: 1.480021, test acc: 0.914911, test avg acc: 0.883041
Train 79, loss: 1.455453, train acc: 0.954703, train avg acc: 0.931021
Test 79, loss: 1.503006, test acc: 0.900729, test avg acc: 0.879174
Train 80, loss: 1.449169, train acc: 0.959589, train avg acc: 0.938336
Test 80, loss: 1.460130, test acc: 0.920989, test avg acc: 0.881791
Train 81, loss: 1.449544, train acc: 0.959792, train avg acc: 0.938124
Test 81, loss: 1.484455, test acc: 0.913695, test avg acc: 0.882802
Train 82, loss: 1.446966, train acc: 0.957757, train avg acc: 0.935807
Test 82, loss: 1.477052, test acc: 0.923015, test avg acc: 0.894134
Max Acc:0.923015
Train 83, loss: 1.444049, train acc: 0.959487, train avg acc: 0.936647
Test 83, loss: 1.489200, test acc: 0.910454, test avg acc: 0.887465
Train 84, loss: 1.440888, train acc: 0.961421, train avg acc: 0.942271
Test 84, loss: 1.469267, test acc: 0.921394, test avg acc: 0.886785
Train 85, loss: 1.439671, train acc: 0.958265, train avg acc: 0.936506
Test 85, loss: 1.493257, test acc: 0.910049, test avg acc: 0.876552
Train 86, loss: 1.439289, train acc: 0.956942, train avg acc: 0.935071
Test 86, loss: 1.484577, test acc: 0.910859, test avg acc: 0.881000
Train 87, loss: 1.439011, train acc: 0.961828, train avg acc: 0.944012
Test 87, loss: 1.486212, test acc: 0.914100, test avg acc: 0.877593
Train 88, loss: 1.440418, train acc: 0.961217, train avg acc: 0.942678
Test 88, loss: 1.491242, test acc: 0.908428, test avg acc: 0.877308
Train 89, loss: 1.435135, train acc: 0.959792, train avg acc: 0.940521
Test 89, loss: 1.479905, test acc: 0.918152, test avg acc: 0.888297
Train 90, loss: 1.427530, train acc: 0.966002, train avg acc: 0.948283
Test 90, loss: 1.477669, test acc: 0.912075, test avg acc: 0.875872
Train 91, loss: 1.434927, train acc: 0.961930, train avg acc: 0.940445
Test 91, loss: 1.463133, test acc: 0.913290, test avg acc: 0.884372
Train 92, loss: 1.431012, train acc: 0.963253, train avg acc: 0.945574
Test 92, loss: 1.493339, test acc: 0.914911, test avg acc: 0.888709
Train 93, loss: 1.428842, train acc: 0.967529, train avg acc: 0.949066
Test 93, loss: 1.468480, test acc: 0.916126, test avg acc: 0.885843
Train 94, loss: 1.431205, train acc: 0.963864, train avg acc: 0.944728
Test 94, loss: 1.467616, test acc: 0.916937, test avg acc: 0.884762
Train 95, loss: 1.425830, train acc: 0.965594, train avg acc: 0.947753
Test 95, loss: 1.464020, test acc: 0.918963, test avg acc: 0.883919
Train 96, loss: 1.424006, train acc: 0.966103, train avg acc: 0.949495
Test 96, loss: 1.466887, test acc: 0.920989, test avg acc: 0.888221
Train 97, loss: 1.422976, train acc: 0.968139, train avg acc: 0.951825
Test 97, loss: 1.492588, test acc: 0.910859, test avg acc: 0.873971
Train 98, loss: 1.417595, train acc: 0.970073, train avg acc: 0.953622
Test 98, loss: 1.465514, test acc: 0.918963, test avg acc: 0.887715
Train 99, loss: 1.413532, train acc: 0.970379, train avg acc: 0.954516
Test 99, loss: 1.492416, test acc: 0.912480, test avg acc: 0.886837
Train 100, loss: 1.415721, train acc: 0.968750, train avg acc: 0.953397
Test 100, loss: 1.475449, test acc: 0.915721, test avg acc: 0.885128
Train 101, loss: 1.413990, train acc: 0.969971, train avg acc: 0.952833
Test 101, loss: 1.457113, test acc: 0.923825, test avg acc: 0.901407
Max Acc:0.923825
Train 102, loss: 1.409828, train acc: 0.971091, train avg acc: 0.957260
Test 102, loss: 1.476476, test acc: 0.912075, test avg acc: 0.881169
Train 103, loss: 1.411197, train acc: 0.971600, train avg acc: 0.956804
Test 103, loss: 1.471957, test acc: 0.919773, test avg acc: 0.889802
Train 104, loss: 1.411992, train acc: 0.969361, train avg acc: 0.953027
Test 104, loss: 1.464939, test acc: 0.916126, test avg acc: 0.881163
Train 105, loss: 1.406105, train acc: 0.972923, train avg acc: 0.959343
Test 105, loss: 1.480607, test acc: 0.910859, test avg acc: 0.872715
Train 106, loss: 1.403695, train acc: 0.972923, train avg acc: 0.957987
Test 106, loss: 1.450896, test acc: 0.923420, test avg acc: 0.899541
Train 107, loss: 1.398228, train acc: 0.975977, train avg acc: 0.963315
Test 107, loss: 1.462036, test acc: 0.918963, test avg acc: 0.890919
Train 108, loss: 1.395442, train acc: 0.976486, train avg acc: 0.964413
Test 108, loss: 1.467553, test acc: 0.918963, test avg acc: 0.888041
Train 109, loss: 1.400860, train acc: 0.975265, train avg acc: 0.962507
Test 109, loss: 1.449687, test acc: 0.931118, test avg acc: 0.889820
Max Acc:0.931118
Train 110, loss: 1.396647, train acc: 0.973534, train avg acc: 0.959218
Test 110, loss: 1.447383, test acc: 0.927472, test avg acc: 0.890291
Train 111, loss: 1.394653, train acc: 0.976792, train avg acc: 0.964601
Test 111, loss: 1.457100, test acc: 0.921394, test avg acc: 0.885674
Train 112, loss: 1.391607, train acc: 0.977504, train avg acc: 0.965472
Test 112, loss: 1.451561, test acc: 0.928687, test avg acc: 0.898331
Train 113, loss: 1.392287, train acc: 0.976690, train avg acc: 0.964243
Test 113, loss: 1.485999, test acc: 0.914506, test avg acc: 0.887529
Train 114, loss: 1.394045, train acc: 0.977809, train avg acc: 0.966510
Test 114, loss: 1.473874, test acc: 0.914100, test avg acc: 0.896634
Train 115, loss: 1.390028, train acc: 0.977504, train avg acc: 0.966127
Test 115, loss: 1.469380, test acc: 0.914100, test avg acc: 0.894797
Train 116, loss: 1.388216, train acc: 0.979743, train avg acc: 0.969040
Test 116, loss: 1.458215, test acc: 0.922204, test avg acc: 0.890744
Train 117, loss: 1.383359, train acc: 0.981169, train avg acc: 0.971341
Test 117, loss: 1.452005, test acc: 0.918152, test avg acc: 0.887919
Train 118, loss: 1.383373, train acc: 0.980252, train avg acc: 0.971497
Test 118, loss: 1.458867, test acc: 0.918558, test avg acc: 0.886500
Train 119, loss: 1.380825, train acc: 0.980660, train avg acc: 0.971922
Test 119, loss: 1.464195, test acc: 0.921799, test avg acc: 0.906459
Train 120, loss: 1.379993, train acc: 0.981779, train avg acc: 0.973237
Test 120, loss: 1.451392, test acc: 0.922609, test avg acc: 0.886872
Train 121, loss: 1.381898, train acc: 0.980049, train avg acc: 0.968968
Test 121, loss: 1.447418, test acc: 0.927877, test avg acc: 0.898256
Train 122, loss: 1.376685, train acc: 0.981983, train avg acc: 0.973661
Test 122, loss: 1.459307, test acc: 0.918963, test avg acc: 0.893349
Train 123, loss: 1.372501, train acc: 0.983917, train avg acc: 0.974943
Test 123, loss: 1.442457, test acc: 0.929498, test avg acc: 0.902169
Train 124, loss: 1.374209, train acc: 0.983001, train avg acc: 0.974997
Test 124, loss: 1.457171, test acc: 0.927066, test avg acc: 0.888890
Train 125, loss: 1.373364, train acc: 0.985240, train avg acc: 0.977761
Test 125, loss: 1.481839, test acc: 0.900324, test avg acc: 0.879948
Train 126, loss: 1.368172, train acc: 0.985138, train avg acc: 0.977937
Test 126, loss: 1.446898, test acc: 0.925446, test avg acc: 0.899122
Train 127, loss: 1.369804, train acc: 0.986971, train avg acc: 0.980281
Test 127, loss: 1.443997, test acc: 0.926661, test avg acc: 0.903872
Train 128, loss: 1.363101, train acc: 0.987989, train avg acc: 0.982132
Test 128, loss: 1.452559, test acc: 0.928282, test avg acc: 0.901424
Train 129, loss: 1.367184, train acc: 0.986665, train avg acc: 0.980018
Test 129, loss: 1.442334, test acc: 0.922609, test avg acc: 0.896826
Train 130, loss: 1.362799, train acc: 0.987887, train avg acc: 0.982560
Test 130, loss: 1.453855, test acc: 0.923420, test avg acc: 0.904628
Train 131, loss: 1.365157, train acc: 0.986258, train avg acc: 0.980065
Test 131, loss: 1.457619, test acc: 0.922204, test avg acc: 0.903500
Train 132, loss: 1.365872, train acc: 0.986767, train avg acc: 0.980590
Test 132, loss: 1.443461, test acc: 0.927066, test avg acc: 0.902448
Train 133, loss: 1.358966, train acc: 0.988803, train avg acc: 0.982363
Test 133, loss: 1.439548, test acc: 0.929092, test avg acc: 0.904122
Train 134, loss: 1.357474, train acc: 0.989923, train avg acc: 0.984745
Test 134, loss: 1.434979, test acc: 0.933955, test avg acc: 0.910448
Max Acc:0.933955
Train 135, loss: 1.353615, train acc: 0.989210, train avg acc: 0.982517
Test 135, loss: 1.450472, test acc: 0.925041, test avg acc: 0.898587
Train 136, loss: 1.354385, train acc: 0.988599, train avg acc: 0.983258
Test 136, loss: 1.440903, test acc: 0.925446, test avg acc: 0.901994
Train 137, loss: 1.347917, train acc: 0.991857, train avg acc: 0.987703
Test 137, loss: 1.454810, test acc: 0.920989, test avg acc: 0.898291
Train 138, loss: 1.352584, train acc: 0.991042, train avg acc: 0.986509
Test 138, loss: 1.436864, test acc: 0.928687, test avg acc: 0.898081
Train 139, loss: 1.347270, train acc: 0.991348, train avg acc: 0.986540
Test 139, loss: 1.441745, test acc: 0.926256, test avg acc: 0.905785
Train 140, loss: 1.349804, train acc: 0.992366, train avg acc: 0.988321
Test 140, loss: 1.441620, test acc: 0.927472, test avg acc: 0.904453
Train 141, loss: 1.346671, train acc: 0.991551, train avg acc: 0.987161
Test 141, loss: 1.447771, test acc: 0.925446, test avg acc: 0.905203
Train 142, loss: 1.345568, train acc: 0.992366, train avg acc: 0.988112
Test 142, loss: 1.433174, test acc: 0.927066, test avg acc: 0.904407
Train 143, loss: 1.346292, train acc: 0.992162, train avg acc: 0.987135
Test 143, loss: 1.443626, test acc: 0.927472, test avg acc: 0.897047
Train 144, loss: 1.342958, train acc: 0.993282, train avg acc: 0.989283
Test 144, loss: 1.430834, test acc: 0.931118, test avg acc: 0.903041
Train 145, loss: 1.342636, train acc: 0.992875, train avg acc: 0.988425
Test 145, loss: 1.437313, test acc: 0.923825, test avg acc: 0.898831
Train 146, loss: 1.338958, train acc: 0.994707, train avg acc: 0.992445
Test 146, loss: 1.435303, test acc: 0.932334, test avg acc: 0.901657
Train 147, loss: 1.342628, train acc: 0.992569, train avg acc: 0.988571
Test 147, loss: 1.427520, test acc: 0.931118, test avg acc: 0.902244
Train 148, loss: 1.337652, train acc: 0.994910, train avg acc: 0.992370
Test 148, loss: 1.433846, test acc: 0.934360, test avg acc: 0.905703
Max Acc:0.934360
Train 149, loss: 1.337542, train acc: 0.994809, train avg acc: 0.992306
Test 149, loss: 1.433376, test acc: 0.932739, test avg acc: 0.911744
Train 150, loss: 1.336942, train acc: 0.995928, train avg acc: 0.994291
Test 150, loss: 1.429109, test acc: 0.929498, test avg acc: 0.900535
Train 151, loss: 1.333567, train acc: 0.996844, train avg acc: 0.994656
Test 151, loss: 1.426701, test acc: 0.933144, test avg acc: 0.906826
Train 152, loss: 1.333107, train acc: 0.996437, train avg acc: 0.995186
Test 152, loss: 1.447883, test acc: 0.922204, test avg acc: 0.899081
Train 153, loss: 1.331551, train acc: 0.995827, train avg acc: 0.992954
Test 153, loss: 1.439426, test acc: 0.923015, test avg acc: 0.898453
Train 154, loss: 1.332382, train acc: 0.995216, train avg acc: 0.992957
Test 154, loss: 1.435798, test acc: 0.923825, test avg acc: 0.901453
Train 155, loss: 1.332692, train acc: 0.996336, train avg acc: 0.994535
Test 155, loss: 1.435872, test acc: 0.930308, test avg acc: 0.903041
Train 156, loss: 1.333029, train acc: 0.996437, train avg acc: 0.994720
Test 156, loss: 1.433022, test acc: 0.927877, test avg acc: 0.899535
Train 157, loss: 1.330418, train acc: 0.995928, train avg acc: 0.993330
Test 157, loss: 1.431987, test acc: 0.931524, test avg acc: 0.907994
Train 158, loss: 1.327402, train acc: 0.997048, train avg acc: 0.995042
Test 158, loss: 1.436895, test acc: 0.923825, test avg acc: 0.896244
Train 159, loss: 1.329333, train acc: 0.996234, train avg acc: 0.994404
Test 159, loss: 1.434388, test acc: 0.927066, test avg acc: 0.897831
Train 160, loss: 1.327489, train acc: 0.996437, train avg acc: 0.995037
Test 160, loss: 1.431877, test acc: 0.929498, test avg acc: 0.903413
Train 161, loss: 1.326954, train acc: 0.996437, train avg acc: 0.994492
Test 161, loss: 1.428616, test acc: 0.933144, test avg acc: 0.905116
Train 162, loss: 1.325706, train acc: 0.997252, train avg acc: 0.994515
Test 162, loss: 1.431159, test acc: 0.932334, test avg acc: 0.908779
Train 163, loss: 1.326342, train acc: 0.997048, train avg acc: 0.995997
Test 163, loss: 1.428456, test acc: 0.932334, test avg acc: 0.903122
Train 164, loss: 1.324267, train acc: 0.997761, train avg acc: 0.996532
Test 164, loss: 1.426875, test acc: 0.925851, test avg acc: 0.901041
Train 165, loss: 1.325415, train acc: 0.996641, train avg acc: 0.995380
Test 165, loss: 1.431894, test acc: 0.931929, test avg acc: 0.903872
Train 166, loss: 1.323369, train acc: 0.997252, train avg acc: 0.995184
Test 166, loss: 1.430094, test acc: 0.927877, test avg acc: 0.901413
Train 167, loss: 1.320565, train acc: 0.998168, train avg acc: 0.997468
Test 167, loss: 1.430019, test acc: 0.935575, test avg acc: 0.911453
Max Acc:0.935575
Train 168, loss: 1.323152, train acc: 0.996946, train avg acc: 0.995684
Test 168, loss: 1.427365, test acc: 0.933549, test avg acc: 0.908285
Train 169, loss: 1.323210, train acc: 0.997557, train avg acc: 0.996623
Test 169, loss: 1.428257, test acc: 0.932334, test avg acc: 0.906576
Train 170, loss: 1.323247, train acc: 0.997353, train avg acc: 0.995694
Test 170, loss: 1.430572, test acc: 0.931929, test avg acc: 0.906076
Train 171, loss: 1.321420, train acc: 0.997659, train avg acc: 0.996435
Test 171, loss: 1.426838, test acc: 0.932334, test avg acc: 0.908494
Train 172, loss: 1.320502, train acc: 0.997862, train avg acc: 0.996631
Test 172, loss: 1.431933, test acc: 0.927472, test avg acc: 0.905372
Train 173, loss: 1.320176, train acc: 0.997557, train avg acc: 0.996118
Test 173, loss: 1.429474, test acc: 0.928687, test avg acc: 0.905913
Train 174, loss: 1.319354, train acc: 0.997659, train avg acc: 0.996665
Test 174, loss: 1.429464, test acc: 0.930713, test avg acc: 0.904535
Train 175, loss: 1.318258, train acc: 0.998473, train avg acc: 0.997839
Test 175, loss: 1.429519, test acc: 0.930308, test avg acc: 0.902994
Train 176, loss: 1.319044, train acc: 0.998066, train avg acc: 0.997463
Test 176, loss: 1.429451, test acc: 0.926256, test avg acc: 0.901703
Train 177, loss: 1.318094, train acc: 0.998473, train avg acc: 0.998038
Test 177, loss: 1.429619, test acc: 0.933144, test avg acc: 0.909076
Train 178, loss: 1.320466, train acc: 0.997353, train avg acc: 0.995579
Test 178, loss: 1.426524, test acc: 0.932334, test avg acc: 0.904285
Train 179, loss: 1.318263, train acc: 0.998371, train avg acc: 0.998001
Test 179, loss: 1.430980, test acc: 0.929903, test avg acc: 0.904703
Train 180, loss: 1.319741, train acc: 0.997761, train avg acc: 0.996631
Test 180, loss: 1.428616, test acc: 0.929903, test avg acc: 0.906826
Train 181, loss: 1.317701, train acc: 0.998473, train avg acc: 0.997180
Test 181, loss: 1.426650, test acc: 0.931929, test avg acc: 0.907994
Train 182, loss: 1.316398, train acc: 0.998677, train avg acc: 0.997858
Test 182, loss: 1.425704, test acc: 0.931118, test avg acc: 0.903413
Train 183, loss: 1.317227, train acc: 0.997761, train avg acc: 0.996656
Test 183, loss: 1.423602, test acc: 0.935575, test avg acc: 0.909163
Max Acc:0.935575
Train 184, loss: 1.316231, train acc: 0.998066, train avg acc: 0.996955
Test 184, loss: 1.428638, test acc: 0.930308, test avg acc: 0.905157
Train 185, loss: 1.317527, train acc: 0.998371, train avg acc: 0.997461
Test 185, loss: 1.426031, test acc: 0.931524, test avg acc: 0.906744
Train 186, loss: 1.316877, train acc: 0.998270, train avg acc: 0.997855
Test 186, loss: 1.425535, test acc: 0.932334, test avg acc: 0.904326
Train 187, loss: 1.318034, train acc: 0.998270, train avg acc: 0.997282
Test 187, loss: 1.426786, test acc: 0.932334, test avg acc: 0.907203
Train 188, loss: 1.315505, train acc: 0.998575, train avg acc: 0.998050
Test 188, loss: 1.426649, test acc: 0.933144, test avg acc: 0.908703
Train 189, loss: 1.317164, train acc: 0.998575, train avg acc: 0.997540
Test 189, loss: 1.425258, test acc: 0.932739, test avg acc: 0.904576
Train 190, loss: 1.315918, train acc: 0.998168, train avg acc: 0.997467
Test 190, loss: 1.425031, test acc: 0.933549, test avg acc: 0.910035
Train 191, loss: 1.316141, train acc: 0.999084, train avg acc: 0.998548
Test 191, loss: 1.426158, test acc: 0.931118, test avg acc: 0.905453
Train 192, loss: 1.314643, train acc: 0.998677, train avg acc: 0.997955
Test 192, loss: 1.423140, test acc: 0.937196, test avg acc: 0.910407
Max Acc:0.937196
Train 193, loss: 1.315357, train acc: 0.998575, train avg acc: 0.997496
Test 193, loss: 1.426800, test acc: 0.929903, test avg acc: 0.905744
Train 194, loss: 1.315489, train acc: 0.998371, train avg acc: 0.997708
Test 194, loss: 1.426564, test acc: 0.930308, test avg acc: 0.903953
Train 195, loss: 1.314246, train acc: 0.998982, train avg acc: 0.998740
Test 195, loss: 1.426663, test acc: 0.932739, test avg acc: 0.907535
Train 196, loss: 1.315784, train acc: 0.998880, train avg acc: 0.998174
Test 196, loss: 1.429640, test acc: 0.931524, test avg acc: 0.907703
Train 197, loss: 1.315349, train acc: 0.998982, train avg acc: 0.998598
Test 197, loss: 1.426800, test acc: 0.932739, test avg acc: 0.906331
Train 198, loss: 1.314804, train acc: 0.998270, train avg acc: 0.997258
Test 198, loss: 1.425147, test acc: 0.933144, test avg acc: 0.907866
Train 199, loss: 1.315057, train acc: 0.998473, train avg acc: 0.997468
Test 199, loss: 1.425191, test acc: 0.935981, test avg acc: 0.909453
